2021-07-26 14:51:56 下午 [Thread: main][ Class:org.apache.ibatis.logging.LogFactory >> Method: org.apache.ibatis.logging.LogFactory.setImplementation(LogFactory.java:135) ]
DEBUG:Logging initialized using 'class org.apache.ibatis.logging.log4j.Log4jImpl' adapter.
2021-07-26 14:51:57 下午 [Thread: main][ Class:org.apache.ibatis.datasource.pooled.PooledDataSource >> Method: org.apache.ibatis.datasource.pooled.PooledDataSource.forceCloseAll(PooledDataSource.java:335) ]
DEBUG:PooledDataSource forcefully closed/removed all connections.
2021-07-26 14:51:57 下午 [Thread: main][ Class:org.apache.ibatis.datasource.pooled.PooledDataSource >> Method: org.apache.ibatis.datasource.pooled.PooledDataSource.forceCloseAll(PooledDataSource.java:335) ]
DEBUG:PooledDataSource forcefully closed/removed all connections.
2021-07-26 14:51:57 下午 [Thread: main][ Class:org.apache.ibatis.datasource.pooled.PooledDataSource >> Method: org.apache.ibatis.datasource.pooled.PooledDataSource.forceCloseAll(PooledDataSource.java:335) ]
DEBUG:PooledDataSource forcefully closed/removed all connections.
2021-07-26 14:51:57 下午 [Thread: main][ Class:org.apache.ibatis.datasource.pooled.PooledDataSource >> Method: org.apache.ibatis.datasource.pooled.PooledDataSource.forceCloseAll(PooledDataSource.java:335) ]
DEBUG:PooledDataSource forcefully closed/removed all connections.
2021-07-26 14:51:57 下午 [Thread: main][ Class:org.apache.ibatis.transaction.jdbc.JdbcTransaction >> Method: org.apache.ibatis.transaction.jdbc.JdbcTransaction.openConnection(JdbcTransaction.java:137) ]
DEBUG:Opening JDBC Connection
2021-07-26 14:51:57 下午 [Thread: main][ Class:org.apache.ibatis.datasource.pooled.PooledDataSource >> Method: org.apache.ibatis.datasource.pooled.PooledDataSource.popConnection(PooledDataSource.java:406) ]
DEBUG:Created connection 926434463.
2021-07-26 14:51:57 下午 [Thread: main][ Class:org.apache.ibatis.transaction.jdbc.JdbcTransaction >> Method: org.apache.ibatis.transaction.jdbc.JdbcTransaction.setDesiredAutoCommit(JdbcTransaction.java:101) ]
DEBUG:Setting autocommit to false on JDBC Connection [com.mysql.jdbc.JDBC4Connection@3738449f]
2021-07-26 14:51:57 下午 [Thread: main][ Class:first.dao.IUserDao.findInIds >> Method: org.apache.ibatis.logging.jdbc.BaseJdbcLogger.debug(BaseJdbcLogger.java:159) ]
DEBUG:==>  Preparing: select * from stu WHERE id in ( ? , ? , ? ) 
2021-07-26 14:51:57 下午 [Thread: main][ Class:first.dao.IUserDao.findInIds >> Method: org.apache.ibatis.logging.jdbc.BaseJdbcLogger.debug(BaseJdbcLogger.java:159) ]
DEBUG:==> Parameters: 1(Integer), 2(Integer), 3(Integer)
2021-07-26 14:51:57 下午 [Thread: main][ Class:first.dao.IUserDao.findInIds >> Method: org.apache.ibatis.logging.jdbc.BaseJdbcLogger.debug(BaseJdbcLogger.java:159) ]
DEBUG:<==      Total: 3
2021-07-26 14:51:57 下午 [Thread: main][ Class:org.apache.ibatis.transaction.jdbc.JdbcTransaction >> Method: org.apache.ibatis.transaction.jdbc.JdbcTransaction.resetAutoCommit(JdbcTransaction.java:123) ]
DEBUG:Resetting autocommit to true on JDBC Connection [com.mysql.jdbc.JDBC4Connection@3738449f]
2021-07-26 14:51:57 下午 [Thread: main][ Class:org.apache.ibatis.transaction.jdbc.JdbcTransaction >> Method: org.apache.ibatis.transaction.jdbc.JdbcTransaction.close(JdbcTransaction.java:91) ]
DEBUG:Closing JDBC Connection [com.mysql.jdbc.JDBC4Connection@3738449f]
2021-07-26 14:51:57 下午 [Thread: main][ Class:org.apache.ibatis.datasource.pooled.PooledDataSource >> Method: org.apache.ibatis.datasource.pooled.PooledDataSource.pushConnection(PooledDataSource.java:363) ]
DEBUG:Returned connection 926434463 to pool.
